mode: set
github.com/grafana/grafana-starter-datasource-backend/pkg/plugin/plugin.go:73.32,86.16 4 1
github.com/grafana/grafana-starter-datasource-backend/pkg/plugin/plugin.go:86.16,88.3 1 0
github.com/grafana/grafana-starter-datasource-backend/pkg/plugin/plugin.go:89.2,103.8 4 1
github.com/grafana/grafana-starter-datasource-backend/pkg/plugin/plugin.go:107.48,113.32 6 1
github.com/grafana/grafana-starter-datasource-backend/pkg/plugin/plugin.go:113.32,116.37 3 1
github.com/grafana/grafana-starter-datasource-backend/pkg/plugin/plugin.go:116.37,117.49 1 1
github.com/grafana/grafana-starter-datasource-backend/pkg/plugin/plugin.go:117.49,119.5 1 1
github.com/grafana/grafana-starter-datasource-backend/pkg/plugin/plugin.go:121.3,122.9 2 1
github.com/grafana/grafana-starter-datasource-backend/pkg/plugin/plugin.go:123.8,123.36 1 1
github.com/grafana/grafana-starter-datasource-backend/pkg/plugin/plugin.go:123.36,125.35 2 1
github.com/grafana/grafana-starter-datasource-backend/pkg/plugin/plugin.go:125.35,127.34 2 1
github.com/grafana/grafana-starter-datasource-backend/pkg/plugin/plugin.go:127.34,130.36 2 1
github.com/grafana/grafana-starter-datasource-backend/pkg/plugin/plugin.go:130.36,133.6 2 0
github.com/grafana/grafana-starter-datasource-backend/pkg/plugin/plugin.go:133.11,136.6 2 1
github.com/grafana/grafana-starter-datasource-backend/pkg/plugin/plugin.go:138.5,139.50 2 1
github.com/grafana/grafana-starter-datasource-backend/pkg/plugin/plugin.go:142.3,143.9 2 1
github.com/grafana/grafana-starter-datasource-backend/pkg/plugin/plugin.go:145.2,145.60 1 1
github.com/grafana/grafana-starter-datasource-backend/pkg/plugin/plugin.go:148.67,150.16 2 0
github.com/grafana/grafana-starter-datasource-backend/pkg/plugin/plugin.go:150.16,153.3 2 0
github.com/grafana/grafana-starter-datasource-backend/pkg/plugin/plugin.go:153.8,157.17 4 0
github.com/grafana/grafana-starter-datasource-backend/pkg/plugin/plugin.go:157.17,161.4 3 0
github.com/grafana/grafana-starter-datasource-backend/pkg/plugin/plugin.go:162.3,162.21 1 0
github.com/grafana/grafana-starter-datasource-backend/pkg/plugin/plugin.go:164.2,164.16 1 0
github.com/grafana/grafana-starter-datasource-backend/pkg/plugin/plugin.go:173.39,176.2 1 0
github.com/grafana/grafana-starter-datasource-backend/pkg/plugin/plugin.go:185.37,197.21 9 1
github.com/grafana/grafana-starter-datasource-backend/pkg/plugin/plugin.go:197.21,201.3 3 1
github.com/grafana/grafana-starter-datasource-backend/pkg/plugin/plugin.go:201.8,206.3 3 1
github.com/grafana/grafana-starter-datasource-backend/pkg/plugin/plugin.go:208.2,208.16 1 1
github.com/grafana/grafana-starter-datasource-backend/pkg/plugin/plugin.go:208.16,210.3 1 1
github.com/grafana/grafana-starter-datasource-backend/pkg/plugin/plugin.go:210.8,212.3 1 1
github.com/grafana/grafana-starter-datasource-backend/pkg/plugin/plugin.go:213.2,215.39 2 1
github.com/grafana/grafana-starter-datasource-backend/pkg/plugin/plugin.go:215.39,217.3 1 1
github.com/grafana/grafana-starter-datasource-backend/pkg/plugin/plugin.go:219.2,219.22 1 1
github.com/grafana/grafana-starter-datasource-backend/pkg/plugin/plugin.go:223.55,225.2 1 1
github.com/grafana/grafana-starter-datasource-backend/pkg/plugin/plugin.go:227.57,229.2 1 1
github.com/grafana/grafana-starter-datasource-backend/pkg/plugin/plugin.go:231.54,233.2 1 1
github.com/grafana/grafana-starter-datasource-backend/pkg/plugin/plugin.go:235.55,237.2 1 1
github.com/grafana/grafana-starter-datasource-backend/pkg/plugin/plugin.go:239.75,240.24 1 1
github.com/grafana/grafana-starter-datasource-backend/pkg/plugin/plugin.go:240.24,242.3 1 1
github.com/grafana/grafana-starter-datasource-backend/pkg/plugin/plugin.go:242.8,242.33 1 1
github.com/grafana/grafana-starter-datasource-backend/pkg/plugin/plugin.go:242.33,244.3 1 1
github.com/grafana/grafana-starter-datasource-backend/pkg/plugin/plugin.go:244.8,244.30 1 1
github.com/grafana/grafana-starter-datasource-backend/pkg/plugin/plugin.go:244.30,246.3 1 1
github.com/grafana/grafana-starter-datasource-backend/pkg/plugin/plugin.go:246.8,246.31 1 1
github.com/grafana/grafana-starter-datasource-backend/pkg/plugin/plugin.go:246.31,248.3 1 1
github.com/grafana/grafana-starter-datasource-backend/pkg/plugin/plugin.go:252.76,259.2 3 1
github.com/grafana/grafana-starter-datasource-backend/pkg/plugin/plugin.go:268.28,279.2 6 1
github.com/grafana/grafana-starter-datasource-backend/pkg/plugin/plugin.go:283.43,285.45 1 1
github.com/grafana/grafana-starter-datasource-backend/pkg/plugin/plugin.go:285.45,287.3 1 1
github.com/grafana/grafana-starter-datasource-backend/pkg/plugin/plugin.go:288.2,288.14 1 1
github.com/grafana/grafana-starter-datasource-backend/pkg/plugin/plugin.go:291.57,295.21 1 1
github.com/grafana/grafana-starter-datasource-backend/pkg/plugin/plugin.go:295.21,297.3 1 1
github.com/grafana/grafana-starter-datasource-backend/pkg/plugin/plugin.go:298.2,298.14 1 1
github.com/grafana/grafana-starter-datasource-backend/pkg/plugin/plugin.go:301.41,303.50 1 1
github.com/grafana/grafana-starter-datasource-backend/pkg/plugin/plugin.go:303.50,305.3 1 1
github.com/grafana/grafana-starter-datasource-backend/pkg/plugin/plugin.go:306.2,306.14 1 1
github.com/grafana/grafana-starter-datasource-backend/pkg/plugin/plugin.go:309.67,310.29 1 1
github.com/grafana/grafana-starter-datasource-backend/pkg/plugin/plugin.go:310.29,311.37 1 1
github.com/grafana/grafana-starter-datasource-backend/pkg/plugin/plugin.go:311.37,313.4 1 1
github.com/grafana/grafana-starter-datasource-backend/pkg/plugin/plugin.go:314.3,314.43 1 1
github.com/grafana/grafana-starter-datasource-backend/pkg/plugin/plugin.go:314.43,316.4 1 1
github.com/grafana/grafana-starter-datasource-backend/pkg/plugin/plugin.go:317.3,317.42 1 1
github.com/grafana/grafana-starter-datasource-backend/pkg/plugin/plugin.go:317.42,319.4 1 1
github.com/grafana/grafana-starter-datasource-backend/pkg/plugin/plugin.go:320.3,320.44 1 1
github.com/grafana/grafana-starter-datasource-backend/pkg/plugin/plugin.go:320.44,322.4 1 1
github.com/grafana/grafana-starter-datasource-backend/pkg/plugin/plugin.go:323.3,323.40 1 1
github.com/grafana/grafana-starter-datasource-backend/pkg/plugin/plugin.go:323.40,325.4 1 1
github.com/grafana/grafana-starter-datasource-backend/pkg/plugin/plugin.go:326.8,327.37 1 1
github.com/grafana/grafana-starter-datasource-backend/pkg/plugin/plugin.go:327.37,329.4 1 1
github.com/grafana/grafana-starter-datasource-backend/pkg/plugin/plugin.go:330.3,330.43 1 1
github.com/grafana/grafana-starter-datasource-backend/pkg/plugin/plugin.go:330.43,332.4 1 1
github.com/grafana/grafana-starter-datasource-backend/pkg/plugin/plugin.go:333.3,333.42 1 1
github.com/grafana/grafana-starter-datasource-backend/pkg/plugin/plugin.go:333.42,335.4 1 1
github.com/grafana/grafana-starter-datasource-backend/pkg/plugin/plugin.go:336.3,336.44 1 1
github.com/grafana/grafana-starter-datasource-backend/pkg/plugin/plugin.go:336.44,338.4 1 1
github.com/grafana/grafana-starter-datasource-backend/pkg/plugin/plugin.go:339.3,339.40 1 1
github.com/grafana/grafana-starter-datasource-backend/pkg/plugin/plugin.go:339.40,341.4 1 1
github.com/grafana/grafana-starter-datasource-backend/pkg/plugin/plugin.go:343.2,343.38 1 1
github.com/grafana/grafana-starter-datasource-backend/pkg/plugin/plugin.go:343.38,345.3 1 1
github.com/grafana/grafana-starter-datasource-backend/pkg/plugin/plugin.go:346.2,346.39 1 1
github.com/grafana/grafana-starter-datasource-backend/pkg/plugin/plugin.go:346.39,352.3 1 1
github.com/grafana/grafana-starter-datasource-backend/pkg/plugin/plugin.go:353.2,353.11 1 1
github.com/grafana/grafana-starter-datasource-backend/pkg/plugin/plugin.go:358.54,364.24 5 1
github.com/grafana/grafana-starter-datasource-backend/pkg/plugin/plugin.go:364.24,371.3 4 1
github.com/grafana/grafana-starter-datasource-backend/pkg/plugin/plugin.go:371.8,371.31 1 1
github.com/grafana/grafana-starter-datasource-backend/pkg/plugin/plugin.go:371.31,374.17 2 1
github.com/grafana/grafana-starter-datasource-backend/pkg/plugin/plugin.go:374.17,380.4 5 1
github.com/grafana/grafana-starter-datasource-backend/pkg/plugin/plugin.go:381.3,382.26 2 1
github.com/grafana/grafana-starter-datasource-backend/pkg/plugin/plugin.go:383.8,387.17 2 1
github.com/grafana/grafana-starter-datasource-backend/pkg/plugin/plugin.go:387.17,393.4 5 1
github.com/grafana/grafana-starter-datasource-backend/pkg/plugin/plugin.go:395.3,396.18 2 1
github.com/grafana/grafana-starter-datasource-backend/pkg/plugin/plugin.go:396.18,402.4 5 1
github.com/grafana/grafana-starter-datasource-backend/pkg/plugin/plugin.go:403.3,404.26 2 1
github.com/grafana/grafana-starter-datasource-backend/pkg/plugin/plugin.go:411.57,432.24 9 1
github.com/grafana/grafana-starter-datasource-backend/pkg/plugin/plugin.go:432.24,433.39 1 1
github.com/grafana/grafana-starter-datasource-backend/pkg/plugin/plugin.go:433.39,436.4 2 1
github.com/grafana/grafana-starter-datasource-backend/pkg/plugin/plugin.go:436.9,439.4 2 1
github.com/grafana/grafana-starter-datasource-backend/pkg/plugin/plugin.go:443.2,445.26 3 1
github.com/grafana/grafana-starter-datasource-backend/pkg/plugin/plugin.go:445.26,448.3 2 1
github.com/grafana/grafana-starter-datasource-backend/pkg/plugin/plugin.go:449.2,453.23 4 1
github.com/grafana/grafana-starter-datasource-backend/pkg/plugin/plugin.go:460.108,466.16 5 1
github.com/grafana/grafana-starter-datasource-backend/pkg/plugin/plugin.go:466.16,469.3 2 0
github.com/grafana/grafana-starter-datasource-backend/pkg/plugin/plugin.go:470.2,481.27 5 1
github.com/grafana/grafana-starter-datasource-backend/pkg/plugin/plugin.go:481.27,484.3 1 1
github.com/grafana/grafana-starter-datasource-backend/pkg/plugin/plugin.go:486.2,487.18 2 1
github.com/grafana/grafana-starter-datasource-backend/pkg/plugin/plugin.go:487.18,490.17 3 1
github.com/grafana/grafana-starter-datasource-backend/pkg/plugin/plugin.go:490.17,493.4 2 1
github.com/grafana/grafana-starter-datasource-backend/pkg/plugin/plugin.go:495.3,495.33 1 1
github.com/grafana/grafana-starter-datasource-backend/pkg/plugin/plugin.go:495.33,497.4 1 1
github.com/grafana/grafana-starter-datasource-backend/pkg/plugin/plugin.go:498.3,499.28 2 1
github.com/grafana/grafana-starter-datasource-backend/pkg/plugin/plugin.go:501.2,504.20 3 1
github.com/grafana/grafana-starter-datasource-backend/pkg/plugin/plugin.go:513.30,522.38 2 1
github.com/grafana/grafana-starter-datasource-backend/pkg/plugin/plugin.go:522.38,532.17 6 1
github.com/grafana/grafana-starter-datasource-backend/pkg/plugin/plugin.go:532.17,535.4 2 0
github.com/grafana/grafana-starter-datasource-backend/pkg/plugin/plugin.go:538.3,539.17 2 1
github.com/grafana/grafana-starter-datasource-backend/pkg/plugin/plugin.go:539.17,543.4 2 0
github.com/grafana/grafana-starter-datasource-backend/pkg/plugin/plugin.go:545.3,546.26 2 1
github.com/grafana/grafana-starter-datasource-backend/pkg/plugin/plugin.go:546.26,548.4 1 0
github.com/grafana/grafana-starter-datasource-backend/pkg/plugin/plugin.go:549.3,554.33 2 1
github.com/grafana/grafana-starter-datasource-backend/pkg/plugin/plugin.go:554.33,555.57 1 1
github.com/grafana/grafana-starter-datasource-backend/pkg/plugin/plugin.go:555.57,560.5 1 1
github.com/grafana/grafana-starter-datasource-backend/pkg/plugin/plugin.go:560.10,561.28 1 1
github.com/grafana/grafana-starter-datasource-backend/pkg/plugin/plugin.go:561.28,563.6 1 0
github.com/grafana/grafana-starter-datasource-backend/pkg/plugin/plugin.go:563.11,565.6 1 1
github.com/grafana/grafana-starter-datasource-backend/pkg/plugin/plugin.go:566.5,566.51 1 1
github.com/grafana/grafana-starter-datasource-backend/pkg/plugin/plugin.go:566.51,572.6 1 1
github.com/grafana/grafana-starter-datasource-backend/pkg/plugin/plugin.go:572.11,578.6 1 1
github.com/grafana/grafana-starter-datasource-backend/pkg/plugin/plugin.go:582.3,590.28 4 1
github.com/grafana/grafana-starter-datasource-backend/pkg/plugin/plugin.go:590.28,593.4 1 1
github.com/grafana/grafana-starter-datasource-backend/pkg/plugin/plugin.go:596.3,597.19 2 1
github.com/grafana/grafana-starter-datasource-backend/pkg/plugin/plugin.go:597.19,604.18 3 1
github.com/grafana/grafana-starter-datasource-backend/pkg/plugin/plugin.go:604.18,607.5 2 0
github.com/grafana/grafana-starter-datasource-backend/pkg/plugin/plugin.go:610.4,610.34 1 1
github.com/grafana/grafana-starter-datasource-backend/pkg/plugin/plugin.go:610.34,614.59 1 1
github.com/grafana/grafana-starter-datasource-backend/pkg/plugin/plugin.go:614.59,617.20 2 1
github.com/grafana/grafana-starter-datasource-backend/pkg/plugin/plugin.go:617.20,619.21 2 1
github.com/grafana/grafana-starter-datasource-backend/pkg/plugin/plugin.go:619.21,621.8 1 0
github.com/grafana/grafana-starter-datasource-backend/pkg/plugin/plugin.go:622.7,624.26 2 1
github.com/grafana/grafana-starter-datasource-backend/pkg/plugin/plugin.go:624.26,626.8 1 1
github.com/grafana/grafana-starter-datasource-backend/pkg/plugin/plugin.go:626.13,629.8 2 1
github.com/grafana/grafana-starter-datasource-backend/pkg/plugin/plugin.go:630.12,632.7 1 0
github.com/grafana/grafana-starter-datasource-backend/pkg/plugin/plugin.go:634.11,634.59 1 1
github.com/grafana/grafana-starter-datasource-backend/pkg/plugin/plugin.go:634.59,636.20 2 0
github.com/grafana/grafana-starter-datasource-backend/pkg/plugin/plugin.go:636.20,638.7 1 0
github.com/grafana/grafana-starter-datasource-backend/pkg/plugin/plugin.go:639.6,640.20 2 0
github.com/grafana/grafana-starter-datasource-backend/pkg/plugin/plugin.go:640.20,644.7 2 0
github.com/grafana/grafana-starter-datasource-backend/pkg/plugin/plugin.go:645.11,647.6 1 1
github.com/grafana/grafana-starter-datasource-backend/pkg/plugin/plugin.go:651.4,652.29 2 1
github.com/grafana/grafana-starter-datasource-backend/pkg/plugin/plugin.go:655.3,659.31 4 1
github.com/grafana/grafana-starter-datasource-backend/pkg/plugin/plugin.go:660.8,660.44 1 1
github.com/grafana/grafana-starter-datasource-backend/pkg/plugin/plugin.go:660.44,668.17 5 1
github.com/grafana/grafana-starter-datasource-backend/pkg/plugin/plugin.go:668.17,671.4 2 0
github.com/grafana/grafana-starter-datasource-backend/pkg/plugin/plugin.go:672.3,678.32 6 1
github.com/grafana/grafana-starter-datasource-backend/pkg/plugin/plugin.go:678.32,679.38 1 1
github.com/grafana/grafana-starter-datasource-backend/pkg/plugin/plugin.go:679.38,681.5 1 1
github.com/grafana/grafana-starter-datasource-backend/pkg/plugin/plugin.go:681.10,681.40 1 1
github.com/grafana/grafana-starter-datasource-backend/pkg/plugin/plugin.go:681.40,683.5 1 1
github.com/grafana/grafana-starter-datasource-backend/pkg/plugin/plugin.go:683.10,683.39 1 1
github.com/grafana/grafana-starter-datasource-backend/pkg/plugin/plugin.go:683.39,685.5 1 1
github.com/grafana/grafana-starter-datasource-backend/pkg/plugin/plugin.go:685.10,685.39 1 1
github.com/grafana/grafana-starter-datasource-backend/pkg/plugin/plugin.go:685.39,687.5 1 1
github.com/grafana/grafana-starter-datasource-backend/pkg/plugin/plugin.go:691.3,692.23 1 1
github.com/grafana/grafana-starter-datasource-backend/pkg/plugin/plugin.go:692.23,709.29 7 1
github.com/grafana/grafana-starter-datasource-backend/pkg/plugin/plugin.go:709.29,712.5 1 1
github.com/grafana/grafana-starter-datasource-backend/pkg/plugin/plugin.go:715.4,724.20 7 1
github.com/grafana/grafana-starter-datasource-backend/pkg/plugin/plugin.go:724.20,726.19 2 1
github.com/grafana/grafana-starter-datasource-backend/pkg/plugin/plugin.go:726.19,729.6 2 0
github.com/grafana/grafana-starter-datasource-backend/pkg/plugin/plugin.go:730.5,732.35 2 1
github.com/grafana/grafana-starter-datasource-backend/pkg/plugin/plugin.go:732.35,734.40 2 1
github.com/grafana/grafana-starter-datasource-backend/pkg/plugin/plugin.go:734.40,736.21 2 1
github.com/grafana/grafana-starter-datasource-backend/pkg/plugin/plugin.go:736.21,738.8 1 0
github.com/grafana/grafana-starter-datasource-backend/pkg/plugin/plugin.go:739.7,739.25 1 1
github.com/grafana/grafana-starter-datasource-backend/pkg/plugin/plugin.go:740.12,740.42 1 1
github.com/grafana/grafana-starter-datasource-backend/pkg/plugin/plugin.go:740.42,742.21 2 1
github.com/grafana/grafana-starter-datasource-backend/pkg/plugin/plugin.go:742.21,744.8 1 0
github.com/grafana/grafana-starter-datasource-backend/pkg/plugin/plugin.go:745.7,745.24 1 1
github.com/grafana/grafana-starter-datasource-backend/pkg/plugin/plugin.go:746.12,746.41 1 1
github.com/grafana/grafana-starter-datasource-backend/pkg/plugin/plugin.go:746.41,748.21 2 1
github.com/grafana/grafana-starter-datasource-backend/pkg/plugin/plugin.go:748.21,750.8 1 0
github.com/grafana/grafana-starter-datasource-backend/pkg/plugin/plugin.go:751.7,751.31 1 1
github.com/grafana/grafana-starter-datasource-backend/pkg/plugin/plugin.go:752.12,752.41 1 1
github.com/grafana/grafana-starter-datasource-backend/pkg/plugin/plugin.go:752.41,754.21 2 1
github.com/grafana/grafana-starter-datasource-backend/pkg/plugin/plugin.go:754.21,756.8 1 0
github.com/grafana/grafana-starter-datasource-backend/pkg/plugin/plugin.go:757.7,757.31 1 1
github.com/grafana/grafana-starter-datasource-backend/pkg/plugin/plugin.go:760.5,761.19 2 1
github.com/grafana/grafana-starter-datasource-backend/pkg/plugin/plugin.go:761.19,764.6 2 0
github.com/grafana/grafana-starter-datasource-backend/pkg/plugin/plugin.go:766.5,771.16 3 1
github.com/grafana/grafana-starter-datasource-backend/pkg/plugin/plugin.go:774.4,774.42 1 1
github.com/grafana/grafana-starter-datasource-backend/pkg/plugin/plugin.go:774.42,775.43 1 1
github.com/grafana/grafana-starter-datasource-backend/pkg/plugin/plugin.go:775.43,777.21 2 1
github.com/grafana/grafana-starter-datasource-backend/pkg/plugin/plugin.go:777.21,780.7 2 1
github.com/grafana/grafana-starter-datasource-backend/pkg/plugin/plugin.go:781.6,782.21 2 1
github.com/grafana/grafana-starter-datasource-backend/pkg/plugin/plugin.go:782.21,785.7 2 1
github.com/grafana/grafana-starter-datasource-backend/pkg/plugin/plugin.go:786.6,786.26 1 1
github.com/grafana/grafana-starter-datasource-backend/pkg/plugin/plugin.go:788.5,795.29 6 1
github.com/grafana/grafana-starter-datasource-backend/pkg/plugin/plugin.go:795.29,797.24 2 1
github.com/grafana/grafana-starter-datasource-backend/pkg/plugin/plugin.go:797.24,801.7 2 0
github.com/grafana/grafana-starter-datasource-backend/pkg/plugin/plugin.go:804.5,811.28 4 1
github.com/grafana/grafana-starter-datasource-backend/pkg/plugin/plugin.go:811.28,814.24 1 0
github.com/grafana/grafana-starter-datasource-backend/pkg/plugin/plugin.go:814.24,822.7 1 0
github.com/grafana/grafana-starter-datasource-backend/pkg/plugin/plugin.go:822.12,828.7 1 0
github.com/grafana/grafana-starter-datasource-backend/pkg/plugin/plugin.go:830.11,839.41 3 1
github.com/grafana/grafana-starter-datasource-backend/pkg/plugin/plugin.go:839.41,844.31 4 0
github.com/grafana/grafana-starter-datasource-backend/pkg/plugin/plugin.go:844.31,845.41 1 0
github.com/grafana/grafana-starter-datasource-backend/pkg/plugin/plugin.go:845.41,850.9 2 0
github.com/grafana/grafana-starter-datasource-backend/pkg/plugin/plugin.go:852.7,852.48 1 0
github.com/grafana/grafana-starter-datasource-backend/pkg/plugin/plugin.go:852.48,855.8 1 0
github.com/grafana/grafana-starter-datasource-backend/pkg/plugin/plugin.go:856.12,858.7 1 1
github.com/grafana/grafana-starter-datasource-backend/pkg/plugin/plugin.go:860.6,860.24 1 1
github.com/grafana/grafana-starter-datasource-backend/pkg/plugin/plugin.go:860.24,868.7 1 0
github.com/grafana/grafana-starter-datasource-backend/pkg/plugin/plugin.go:868.12,874.7 1 1
github.com/grafana/grafana-starter-datasource-backend/pkg/plugin/plugin.go:877.5,877.32 1 1
github.com/grafana/grafana-starter-datasource-backend/pkg/plugin/plugin.go:877.32,879.20 2 1
github.com/grafana/grafana-starter-datasource-backend/pkg/plugin/plugin.go:879.20,881.35 2 1
github.com/grafana/grafana-starter-datasource-backend/pkg/plugin/plugin.go:881.35,883.16 2 0
github.com/grafana/grafana-starter-datasource-backend/pkg/plugin/plugin.go:885.7,885.32 1 1
github.com/grafana/grafana-starter-datasource-backend/pkg/plugin/plugin.go:887.6,887.40 1 1
github.com/grafana/grafana-starter-datasource-backend/pkg/plugin/plugin.go:890.5,890.48 1 1
github.com/grafana/grafana-starter-datasource-backend/pkg/plugin/plugin.go:892.4,895.37 3 1
github.com/grafana/grafana-starter-datasource-backend/pkg/plugin/plugin.go:896.9,907.18 7 1
github.com/grafana/grafana-starter-datasource-backend/pkg/plugin/plugin.go:907.18,911.5 2 0
github.com/grafana/grafana-starter-datasource-backend/pkg/plugin/plugin.go:912.4,912.34 1 1
github.com/grafana/grafana-starter-datasource-backend/pkg/plugin/plugin.go:912.34,915.58 3 1
github.com/grafana/grafana-starter-datasource-backend/pkg/plugin/plugin.go:915.58,917.6 1 1
github.com/grafana/grafana-starter-datasource-backend/pkg/plugin/plugin.go:917.11,917.58 1 1
github.com/grafana/grafana-starter-datasource-backend/pkg/plugin/plugin.go:917.58,919.6 1 1
github.com/grafana/grafana-starter-datasource-backend/pkg/plugin/plugin.go:919.11,919.56 1 1
github.com/grafana/grafana-starter-datasource-backend/pkg/plugin/plugin.go:919.56,921.6 1 1
github.com/grafana/grafana-starter-datasource-backend/pkg/plugin/plugin.go:921.11,923.6 1 0
github.com/grafana/grafana-starter-datasource-backend/pkg/plugin/plugin.go:925.4,945.57 10 1
github.com/grafana/grafana-starter-datasource-backend/pkg/plugin/plugin.go:945.57,950.30 3 1
github.com/grafana/grafana-starter-datasource-backend/pkg/plugin/plugin.go:950.30,953.6 1 1
github.com/grafana/grafana-starter-datasource-backend/pkg/plugin/plugin.go:956.5,956.21 1 1
github.com/grafana/grafana-starter-datasource-backend/pkg/plugin/plugin.go:956.21,958.20 2 1
github.com/grafana/grafana-starter-datasource-backend/pkg/plugin/plugin.go:958.20,961.7 2 0
github.com/grafana/grafana-starter-datasource-backend/pkg/plugin/plugin.go:963.6,970.36 3 1
github.com/grafana/grafana-starter-datasource-backend/pkg/plugin/plugin.go:970.36,973.40 3 1
github.com/grafana/grafana-starter-datasource-backend/pkg/plugin/plugin.go:973.40,974.21 1 1
github.com/grafana/grafana-starter-datasource-backend/pkg/plugin/plugin.go:974.21,976.9 1 1
github.com/grafana/grafana-starter-datasource-backend/pkg/plugin/plugin.go:976.14,978.9 1 0
github.com/grafana/grafana-starter-datasource-backend/pkg/plugin/plugin.go:979.8,979.16 1 1
github.com/grafana/grafana-starter-datasource-backend/pkg/plugin/plugin.go:980.13,980.40 1 1
github.com/grafana/grafana-starter-datasource-backend/pkg/plugin/plugin.go:980.40,981.21 1 1
github.com/grafana/grafana-starter-datasource-backend/pkg/plugin/plugin.go:981.21,983.23 2 1
github.com/grafana/grafana-starter-datasource-backend/pkg/plugin/plugin.go:983.23,985.10 1 1
github.com/grafana/grafana-starter-datasource-backend/pkg/plugin/plugin.go:986.9,986.22 1 1
github.com/grafana/grafana-starter-datasource-backend/pkg/plugin/plugin.go:987.14,989.9 1 0
github.com/grafana/grafana-starter-datasource-backend/pkg/plugin/plugin.go:990.8,990.16 1 1
github.com/grafana/grafana-starter-datasource-backend/pkg/plugin/plugin.go:991.13,991.38 1 1
github.com/grafana/grafana-starter-datasource-backend/pkg/plugin/plugin.go:991.38,992.21 1 1
github.com/grafana/grafana-starter-datasource-backend/pkg/plugin/plugin.go:992.21,994.9 1 1
github.com/grafana/grafana-starter-datasource-backend/pkg/plugin/plugin.go:995.8,995.16 1 1
github.com/grafana/grafana-starter-datasource-backend/pkg/plugin/plugin.go:1001.6,1001.58 1 1
github.com/grafana/grafana-starter-datasource-backend/pkg/plugin/plugin.go:1013.10,1013.64 1 1
github.com/grafana/grafana-starter-datasource-backend/pkg/plugin/plugin.go:1013.64,1018.30 3 0
github.com/grafana/grafana-starter-datasource-backend/pkg/plugin/plugin.go:1018.30,1021.6 1 0
github.com/grafana/grafana-starter-datasource-backend/pkg/plugin/plugin.go:1024.5,1024.21 1 0
github.com/grafana/grafana-starter-datasource-backend/pkg/plugin/plugin.go:1024.21,1026.20 2 0
github.com/grafana/grafana-starter-datasource-backend/pkg/plugin/plugin.go:1026.20,1029.7 2 0
github.com/grafana/grafana-starter-datasource-backend/pkg/plugin/plugin.go:1031.6,1039.36 4 0
github.com/grafana/grafana-starter-datasource-backend/pkg/plugin/plugin.go:1039.36,1042.40 3 0
github.com/grafana/grafana-starter-datasource-backend/pkg/plugin/plugin.go:1042.40,1043.21 1 0
github.com/grafana/grafana-starter-datasource-backend/pkg/plugin/plugin.go:1043.21,1045.9 1 0
github.com/grafana/grafana-starter-datasource-backend/pkg/plugin/plugin.go:1045.14,1047.9 1 0
github.com/grafana/grafana-starter-datasource-backend/pkg/plugin/plugin.go:1048.8,1048.16 1 0
github.com/grafana/grafana-starter-datasource-backend/pkg/plugin/plugin.go:1049.13,1049.38 1 0
github.com/grafana/grafana-starter-datasource-backend/pkg/plugin/plugin.go:1049.38,1050.21 1 0
github.com/grafana/grafana-starter-datasource-backend/pkg/plugin/plugin.go:1050.21,1052.9 1 0
github.com/grafana/grafana-starter-datasource-backend/pkg/plugin/plugin.go:1053.8,1053.16 1 0
github.com/grafana/grafana-starter-datasource-backend/pkg/plugin/plugin.go:1057.6,1057.36 1 0
github.com/grafana/grafana-starter-datasource-backend/pkg/plugin/plugin.go:1057.36,1060.67 3 0
github.com/grafana/grafana-starter-datasource-backend/pkg/plugin/plugin.go:1060.67,1064.21 4 0
github.com/grafana/grafana-starter-datasource-backend/pkg/plugin/plugin.go:1064.21,1066.23 2 0
github.com/grafana/grafana-starter-datasource-backend/pkg/plugin/plugin.go:1066.23,1068.10 1 0
github.com/grafana/grafana-starter-datasource-backend/pkg/plugin/plugin.go:1069.9,1070.83 2 0
github.com/grafana/grafana-starter-datasource-backend/pkg/plugin/plugin.go:1071.14,1075.9 2 0
github.com/grafana/grafana-starter-datasource-backend/pkg/plugin/plugin.go:1076.8,1076.16 1 0
github.com/grafana/grafana-starter-datasource-backend/pkg/plugin/plugin.go:1090.10,1094.5 2 1
github.com/grafana/grafana-starter-datasource-backend/pkg/plugin/plugin.go:1095.4,1096.42 2 1
github.com/grafana/grafana-starter-datasource-backend/pkg/plugin/plugin.go:1096.42,1098.43 1 1
github.com/grafana/grafana-starter-datasource-backend/pkg/plugin/plugin.go:1098.43,1100.21 2 1
github.com/grafana/grafana-starter-datasource-backend/pkg/plugin/plugin.go:1100.21,1103.7 2 1
github.com/grafana/grafana-starter-datasource-backend/pkg/plugin/plugin.go:1105.6,1106.21 2 1
github.com/grafana/grafana-starter-datasource-backend/pkg/plugin/plugin.go:1106.21,1109.7 2 0
github.com/grafana/grafana-starter-datasource-backend/pkg/plugin/plugin.go:1111.6,1111.26 1 1
github.com/grafana/grafana-starter-datasource-backend/pkg/plugin/plugin.go:1113.5,1122.28 5 1
github.com/grafana/grafana-starter-datasource-backend/pkg/plugin/plugin.go:1122.28,1131.6 1 1
github.com/grafana/grafana-starter-datasource-backend/pkg/plugin/plugin.go:1131.11,1139.6 1 0
github.com/grafana/grafana-starter-datasource-backend/pkg/plugin/plugin.go:1147.5,1147.30 1 1
github.com/grafana/grafana-starter-datasource-backend/pkg/plugin/plugin.go:1147.30,1150.20 3 1
github.com/grafana/grafana-starter-datasource-backend/pkg/plugin/plugin.go:1150.20,1153.26 2 1
github.com/grafana/grafana-starter-datasource-backend/pkg/plugin/plugin.go:1153.26,1155.8 1 1
github.com/grafana/grafana-starter-datasource-backend/pkg/plugin/plugin.go:1155.13,1159.8 3 0
github.com/grafana/grafana-starter-datasource-backend/pkg/plugin/plugin.go:1161.6,1162.38 2 1
github.com/grafana/grafana-starter-datasource-backend/pkg/plugin/plugin.go:1166.5,1166.48 1 1
github.com/grafana/grafana-starter-datasource-backend/pkg/plugin/plugin.go:1168.4,1170.37 2 1
github.com/grafana/grafana-starter-datasource-backend/pkg/plugin/plugin.go:1176.2,1189.16 9 1
github.com/grafana/grafana-starter-datasource-backend/pkg/plugin/plugin.go:1189.16,1192.3 2 0
github.com/grafana/grafana-starter-datasource-backend/pkg/plugin/plugin.go:1193.2,1213.20 7 1
github.com/grafana/grafana-starter-datasource-backend/pkg/plugin/plugin.go:1213.20,1216.3 2 0
github.com/grafana/grafana-starter-datasource-backend/pkg/plugin/plugin.go:1219.2,1224.39 5 1
github.com/grafana/grafana-starter-datasource-backend/pkg/plugin/plugin.go:1224.39,1230.41 4 1
github.com/grafana/grafana-starter-datasource-backend/pkg/plugin/plugin.go:1230.41,1232.4 1 1
github.com/grafana/grafana-starter-datasource-backend/pkg/plugin/plugin.go:1235.3,1239.26 3 1
github.com/grafana/grafana-starter-datasource-backend/pkg/plugin/plugin.go:1239.26,1246.4 4 1
github.com/grafana/grafana-starter-datasource-backend/pkg/plugin/plugin.go:1246.9,1254.39 3 1
github.com/grafana/grafana-starter-datasource-backend/pkg/plugin/plugin.go:1254.39,1259.29 4 1
github.com/grafana/grafana-starter-datasource-backend/pkg/plugin/plugin.go:1259.29,1260.39 1 1
github.com/grafana/grafana-starter-datasource-backend/pkg/plugin/plugin.go:1260.39,1267.7 2 1
github.com/grafana/grafana-starter-datasource-backend/pkg/plugin/plugin.go:1269.5,1269.46 1 1
github.com/grafana/grafana-starter-datasource-backend/pkg/plugin/plugin.go:1269.46,1274.6 1 0
github.com/grafana/grafana-starter-datasource-backend/pkg/plugin/plugin.go:1276.10,1278.5 1 0
github.com/grafana/grafana-starter-datasource-backend/pkg/plugin/plugin.go:1280.4,1289.5 3 1
github.com/grafana/grafana-starter-datasource-backend/pkg/plugin/plugin.go:1294.3,1294.39 1 1
github.com/grafana/grafana-starter-datasource-backend/pkg/plugin/plugin.go:1294.39,1303.18 7 1
github.com/grafana/grafana-starter-datasource-backend/pkg/plugin/plugin.go:1303.18,1306.5 2 0
github.com/grafana/grafana-starter-datasource-backend/pkg/plugin/plugin.go:1307.4,1312.29 5 1
github.com/grafana/grafana-starter-datasource-backend/pkg/plugin/plugin.go:1315.3,1317.45 3 1
github.com/grafana/grafana-starter-datasource-backend/pkg/plugin/plugin.go:1320.2,1324.30 5 1
github.com/grafana/grafana-starter-datasource-backend/pkg/plugin/plugin.go:1329.97,1335.20 5 1
github.com/grafana/grafana-starter-datasource-backend/pkg/plugin/plugin.go:1335.20,1339.3 3 0
github.com/grafana/grafana-starter-datasource-backend/pkg/plugin/plugin.go:1340.2,1363.40 21 1
github.com/grafana/grafana-starter-datasource-backend/pkg/plugin/plugin.go:1363.40,1374.68 8 0
github.com/grafana/grafana-starter-datasource-backend/pkg/plugin/plugin.go:1374.68,1375.71 1 0
github.com/grafana/grafana-starter-datasource-backend/pkg/plugin/plugin.go:1375.71,1377.5 1 0
github.com/grafana/grafana-starter-datasource-backend/pkg/plugin/plugin.go:1379.3,1385.49 3 0
github.com/grafana/grafana-starter-datasource-backend/pkg/plugin/plugin.go:1385.49,1388.4 2 0
github.com/grafana/grafana-starter-datasource-backend/pkg/plugin/plugin.go:1388.9,1390.4 1 0
github.com/grafana/grafana-starter-datasource-backend/pkg/plugin/plugin.go:1392.3,1392.57 1 0
github.com/grafana/grafana-starter-datasource-backend/pkg/plugin/plugin.go:1392.57,1393.64 1 0
github.com/grafana/grafana-starter-datasource-backend/pkg/plugin/plugin.go:1393.64,1395.5 1 0
github.com/grafana/grafana-starter-datasource-backend/pkg/plugin/plugin.go:1398.8,1406.58 8 1
github.com/grafana/grafana-starter-datasource-backend/pkg/plugin/plugin.go:1406.58,1407.64 1 0
github.com/grafana/grafana-starter-datasource-backend/pkg/plugin/plugin.go:1407.64,1409.5 1 0
github.com/grafana/grafana-starter-datasource-backend/pkg/plugin/plugin.go:1413.2,1424.32 5 1
github.com/grafana/grafana-starter-datasource-backend/pkg/plugin/plugin.go:1424.32,1426.71 2 1
github.com/grafana/grafana-starter-datasource-backend/pkg/plugin/plugin.go:1426.71,1429.53 3 1
github.com/grafana/grafana-starter-datasource-backend/pkg/plugin/plugin.go:1429.53,1430.65 1 1
github.com/grafana/grafana-starter-datasource-backend/pkg/plugin/plugin.go:1430.65,1432.6 1 1
github.com/grafana/grafana-starter-datasource-backend/pkg/plugin/plugin.go:1434.4,1434.49 1 1
github.com/grafana/grafana-starter-datasource-backend/pkg/plugin/plugin.go:1434.49,1435.63 1 1
github.com/grafana/grafana-starter-datasource-backend/pkg/plugin/plugin.go:1435.63,1437.6 1 1
github.com/grafana/grafana-starter-datasource-backend/pkg/plugin/plugin.go:1439.4,1442.10 3 1
github.com/grafana/grafana-starter-datasource-backend/pkg/plugin/plugin.go:1443.9,1449.4 3 1
github.com/grafana/grafana-starter-datasource-backend/pkg/plugin/plugin.go:1451.3,1457.17 5 1
github.com/grafana/grafana-starter-datasource-backend/pkg/plugin/plugin.go:1457.17,1461.4 3 1
github.com/grafana/grafana-starter-datasource-backend/pkg/plugin/plugin.go:1461.9,1465.18 4 1
github.com/grafana/grafana-starter-datasource-backend/pkg/plugin/plugin.go:1465.18,1467.5 1 0
github.com/grafana/grafana-starter-datasource-backend/pkg/plugin/plugin.go:1470.4,1472.19 3 1
github.com/grafana/grafana-starter-datasource-backend/pkg/plugin/plugin.go:1476.2,1483.36 2 1
github.com/grafana/grafana-starter-datasource-backend/pkg/plugin/plugin.go:1483.36,1503.17 14 1
github.com/grafana/grafana-starter-datasource-backend/pkg/plugin/plugin.go:1503.17,1507.4 3 0
github.com/grafana/grafana-starter-datasource-backend/pkg/plugin/plugin.go:1508.3,1512.17 3 1
github.com/grafana/grafana-starter-datasource-backend/pkg/plugin/plugin.go:1512.17,1515.4 2 0
github.com/grafana/grafana-starter-datasource-backend/pkg/plugin/plugin.go:1518.3,1522.18 3 1
github.com/grafana/grafana-starter-datasource-backend/pkg/plugin/plugin.go:1524.8,1524.49 1 1
github.com/grafana/grafana-starter-datasource-backend/pkg/plugin/plugin.go:1524.49,1532.17 5 1
github.com/grafana/grafana-starter-datasource-backend/pkg/plugin/plugin.go:1532.17,1536.4 3 0
github.com/grafana/grafana-starter-datasource-backend/pkg/plugin/plugin.go:1537.3,1540.17 3 1
github.com/grafana/grafana-starter-datasource-backend/pkg/plugin/plugin.go:1540.17,1543.4 2 0
github.com/grafana/grafana-starter-datasource-backend/pkg/plugin/plugin.go:1546.3,1552.18 4 1
github.com/grafana/grafana-starter-datasource-backend/pkg/plugin/plugin.go:1554.8,1554.53 1 1
github.com/grafana/grafana-starter-datasource-backend/pkg/plugin/plugin.go:1554.53,1564.17 5 1
github.com/grafana/grafana-starter-datasource-backend/pkg/plugin/plugin.go:1564.17,1568.4 3 0
github.com/grafana/grafana-starter-datasource-backend/pkg/plugin/plugin.go:1569.3,1574.17 3 1
github.com/grafana/grafana-starter-datasource-backend/pkg/plugin/plugin.go:1574.17,1577.4 2 0
github.com/grafana/grafana-starter-datasource-backend/pkg/plugin/plugin.go:1580.3,1586.18 4 1
github.com/grafana/grafana-starter-datasource-backend/pkg/plugin/plugin.go:1588.8,1588.19 1 1
github.com/grafana/grafana-starter-datasource-backend/pkg/plugin/plugin.go:1588.19,1598.17 4 1
github.com/grafana/grafana-starter-datasource-backend/pkg/plugin/plugin.go:1598.17,1601.4 2 0
github.com/grafana/grafana-starter-datasource-backend/pkg/plugin/plugin.go:1603.3,1606.17 3 1
github.com/grafana/grafana-starter-datasource-backend/pkg/plugin/plugin.go:1606.17,1610.4 3 0
github.com/grafana/grafana-starter-datasource-backend/pkg/plugin/plugin.go:1611.3,1612.26 2 1
github.com/grafana/grafana-starter-datasource-backend/pkg/plugin/plugin.go:1613.19,1624.51 4 0
github.com/grafana/grafana-starter-datasource-backend/pkg/plugin/plugin.go:1624.51,1641.4 8 0
github.com/grafana/grafana-starter-datasource-backend/pkg/plugin/plugin.go:1647.3,1647.56 1 0
github.com/grafana/grafana-starter-datasource-backend/pkg/plugin/plugin.go:1647.56,1658.4 8 0
github.com/grafana/grafana-starter-datasource-backend/pkg/plugin/plugin.go:1664.3,1664.51 1 0
github.com/grafana/grafana-starter-datasource-backend/pkg/plugin/plugin.go:1664.51,1686.31 9 0
github.com/grafana/grafana-starter-datasource-backend/pkg/plugin/plugin.go:1686.31,1688.5 1 0
github.com/grafana/grafana-starter-datasource-backend/pkg/plugin/plugin.go:1688.10,1688.45 1 0
github.com/grafana/grafana-starter-datasource-backend/pkg/plugin/plugin.go:1688.45,1690.5 1 0
github.com/grafana/grafana-starter-datasource-backend/pkg/plugin/plugin.go:1690.10,1690.45 1 0
github.com/grafana/grafana-starter-datasource-backend/pkg/plugin/plugin.go:1690.45,1694.5 3 0
github.com/grafana/grafana-starter-datasource-backend/pkg/plugin/plugin.go:1694.10,1694.45 1 0
github.com/grafana/grafana-starter-datasource-backend/pkg/plugin/plugin.go:1694.45,1699.5 4 0
github.com/grafana/grafana-starter-datasource-backend/pkg/plugin/plugin.go:1712.4,1728.63 4 0
github.com/grafana/grafana-starter-datasource-backend/pkg/plugin/plugin.go:1732.3,1732.45 1 0
github.com/grafana/grafana-starter-datasource-backend/pkg/plugin/plugin.go:1732.45,1742.4 8 0
github.com/grafana/grafana-starter-datasource-backend/pkg/plugin/plugin.go:1745.3,1746.45 1 0
github.com/grafana/grafana-starter-datasource-backend/pkg/plugin/plugin.go:1746.45,1755.4 7 0
github.com/grafana/grafana-starter-datasource-backend/pkg/plugin/plugin.go:1755.9,1755.56 1 0
github.com/grafana/grafana-starter-datasource-backend/pkg/plugin/plugin.go:1755.56,1761.4 4 0
github.com/grafana/grafana-starter-datasource-backend/pkg/plugin/plugin.go:1761.9,1761.54 1 0
github.com/grafana/grafana-starter-datasource-backend/pkg/plugin/plugin.go:1761.54,1767.4 4 0
github.com/grafana/grafana-starter-datasource-backend/pkg/plugin/plugin.go:1769.3,1777.17 6 0
github.com/grafana/grafana-starter-datasource-backend/pkg/plugin/plugin.go:1777.17,1781.4 3 0
github.com/grafana/grafana-starter-datasource-backend/pkg/plugin/plugin.go:1782.3,1782.21 1 0
github.com/grafana/grafana-starter-datasource-backend/pkg/plugin/plugin.go:1784.2,1796.16 4 1
github.com/grafana/grafana-starter-datasource-backend/pkg/plugin/plugin.go:1796.16,1800.3 3 0
github.com/grafana/grafana-starter-datasource-backend/pkg/plugin/plugin.go:1801.2,1804.20 3 1
github.com/grafana/grafana-starter-datasource-backend/pkg/plugin/plugin.go:1804.20,1807.3 2 0
github.com/grafana/grafana-starter-datasource-backend/pkg/plugin/plugin.go:1807.8,1815.3 7 1
github.com/grafana/grafana-starter-datasource-backend/pkg/plugin/plugin.go:1818.2,1821.27 3 1
github.com/grafana/grafana-starter-datasource-backend/pkg/plugin/plugin.go:1821.27,1823.3 1 0
github.com/grafana/grafana-starter-datasource-backend/pkg/plugin/plugin.go:1824.2,1827.17 4 1
github.com/grafana/grafana-starter-datasource-backend/pkg/plugin/plugin.go:1837.37,1844.21 6 1
github.com/grafana/grafana-starter-datasource-backend/pkg/plugin/plugin.go:1844.21,1852.17 6 1
github.com/grafana/grafana-starter-datasource-backend/pkg/plugin/plugin.go:1852.17,1858.4 3 1
github.com/grafana/grafana-starter-datasource-backend/pkg/plugin/plugin.go:1858.9,1860.4 1 1
github.com/grafana/grafana-starter-datasource-backend/pkg/plugin/plugin.go:1861.3,1861.16 1 1
github.com/grafana/grafana-starter-datasource-backend/pkg/plugin/plugin.go:1861.16,1863.4 1 1
github.com/grafana/grafana-starter-datasource-backend/pkg/plugin/plugin.go:1866.3,1869.9 1 1
github.com/grafana/grafana-starter-datasource-backend/pkg/plugin/plugin.go:1871.8,1879.17 6 1
github.com/grafana/grafana-starter-datasource-backend/pkg/plugin/plugin.go:1879.17,1885.4 3 1
github.com/grafana/grafana-starter-datasource-backend/pkg/plugin/plugin.go:1885.9,1887.4 1 1
github.com/grafana/grafana-starter-datasource-backend/pkg/plugin/plugin.go:1888.3,1888.16 1 1
github.com/grafana/grafana-starter-datasource-backend/pkg/plugin/plugin.go:1888.16,1890.4 1 1
github.com/grafana/grafana-starter-datasource-backend/pkg/plugin/plugin.go:1892.3,1895.9 1 1
github.com/grafana/grafana-starter-datasource-backend/pkg/plugin/plugin.go:1905.9,1909.26 3 1
github.com/grafana/grafana-starter-datasource-backend/pkg/plugin/plugin.go:1909.26,1912.3 1 1
github.com/grafana/grafana-starter-datasource-backend/pkg/plugin/plugin.go:1913.2,1915.8 1 1
github.com/grafana/grafana-starter-datasource-backend/pkg/plugin/plugin.go:1923.38,1938.6 5 1
github.com/grafana/grafana-starter-datasource-backend/pkg/plugin/plugin.go:1938.6,1939.10 1 1
github.com/grafana/grafana-starter-datasource-backend/pkg/plugin/plugin.go:1940.21,1943.14 2 1
github.com/grafana/grafana-starter-datasource-backend/pkg/plugin/plugin.go:1944.34,1952.18 5 1
github.com/grafana/grafana-starter-datasource-backend/pkg/plugin/plugin.go:1952.18,1954.13 2 0
github.com/grafana/grafana-starter-datasource-backend/pkg/plugin/plugin.go:1965.9,1972.2 2 1
