{"total": {"lines":{"total":328,"covered":269,"skipped":0,"pct":82.01},"statements":{"total":337,"covered":277,"skipped":0,"pct":82.19},"functions":{"total":72,"covered":52,"skipped":0,"pct":72.22},"branches":{"total":280,"covered":210,"skipped":0,"pct":75},"branchesTrue":{"total":0,"covered":0,"skipped":0,"pct":"Unknown"}}
,"/scratch/shangand/view_storage/shangand_grafpl/rdbms/tools/telemetry/grafana-8.1.1/data/plugins/my-plugin/src/AddLabelToQuery.ts": {"lines":{"total":57,"covered":57,"skipped":0,"pct":100},"functions":{"total":6,"covered":6,"skipped":0,"pct":100},"statements":{"total":57,"covered":57,"skipped":0,"pct":100},"branches":{"total":28,"covered":26,"skipped":0,"pct":92.85}}
,"/scratch/shangand/view_storage/shangand_grafpl/rdbms/tools/telemetry/grafana-8.1.1/data/plugins/my-plugin/src/ConfigEditor.tsx": {"lines":{"total":51,"covered":48,"skipped":0,"pct":94.11},"functions":{"total":13,"covered":12,"skipped":0,"pct":92.3},"statements":{"total":52,"covered":49,"skipped":0,"pct":94.23},"branches":{"total":24,"covered":21,"skipped":0,"pct":87.5}}
,"/scratch/shangand/view_storage/shangand_grafpl/rdbms/tools/telemetry/grafana-8.1.1/data/plugins/my-plugin/src/QueryEditor.tsx": {"lines":{"total":103,"covered":77,"skipped":0,"pct":74.75},"functions":{"total":29,"covered":17,"skipped":0,"pct":58.62},"statements":{"total":106,"covered":79,"skipped":0,"pct":74.52},"branches":{"total":43,"covered":34,"skipped":0,"pct":79.06}}
,"/scratch/shangand/view_storage/shangand_grafpl/rdbms/tools/telemetry/grafana-8.1.1/data/plugins/my-plugin/src/VariableQueryEditor.tsx": {"lines":{"total":12,"covered":11,"skipped":0,"pct":91.66},"functions":{"total":4,"covered":3,"skipped":0,"pct":75},"statements":{"total":13,"covered":12,"skipped":0,"pct":92.3},"branches":{"total":0,"covered":0,"skipped":0,"pct":100}}
,"/scratch/shangand/view_storage/shangand_grafpl/rdbms/tools/telemetry/grafana-8.1.1/data/plugins/my-plugin/src/datasource.ts": {"lines":{"total":105,"covered":76,"skipped":0,"pct":72.38},"functions":{"total":20,"covered":14,"skipped":0,"pct":70},"statements":{"total":109,"covered":80,"skipped":0,"pct":73.39},"branches":{"total":185,"covered":129,"skipped":0,"pct":69.72}}
}
