TN:
SF:src/AddLabelToQuery.ts
FN:33,addLabelToQuery
FN:51,(anonymous_1)
FN:101,addLabelToSelector
FN:131,(anonymous_3)
FN:138,isPositionInsideChars
FN:152,isWordMetric
FNF:6
FNH:6
FNDA:8,addLabelToQuery
FNDA:8,(anonymous_1)
FNDA:10,addLabelToSelector
FNDA:12,(anonymous_3)
FNDA:8,isPositionInsideChars
FNDA:8,isWordMetric
DA:1,2
DA:3,2
DA:4,2
DA:8,2
DA:26,2
DA:31,2
DA:33,2
DA:40,8
DA:41,1
DA:46,7
DA:51,7
DA:52,8
DA:59,8
DA:61,8
DA:65,7
DA:66,7
DA:67,7
DA:68,7
DA:70,7
DA:71,7
DA:72,7
DA:73,7
DA:76,7
DA:77,1
DA:78,1
DA:82,6
DA:83,6
DA:89,6
DA:92,7
DA:95,7
DA:96,7
DA:99,2
DA:101,2
DA:107,10
DA:110,10
DA:111,3
DA:112,3
DA:113,3
DA:114,3
DA:119,10
DA:120,10
DA:127,10
DA:131,12
DA:135,10
DA:144,8
DA:145,8
DA:146,8
DA:159,8
DA:162,8
DA:164,8
DA:166,8
DA:168,8
DA:171,8
DA:174,8
DA:184,5
DA:186,3
DA:189,2
LF:57
LH:57
BRDA:40,0,0,1
BRDA:40,1,0,8
BRDA:40,1,1,7
BRDA:46,2,0,1
BRDA:46,2,1,6
BRDA:61,3,0,5
BRDA:61,3,1,3
BRDA:76,4,0,1
BRDA:76,4,1,6
BRDA:110,5,0,3
BRDA:119,6,0,10
BRDA:119,6,1,7
BRDA:147,7,0,8
BRDA:147,7,1,1
BRDA:147,7,2,0
BRDA:162,8,0,8
BRDA:162,8,1,2
BRDA:171,9,0,8
BRDA:171,9,1,0
BRDA:174,10,0,5
BRDA:175,11,0,8
BRDA:175,11,1,8
BRDA:175,11,2,7
BRDA:175,11,3,7
BRDA:175,11,4,7
BRDA:175,11,5,7
BRDA:175,11,6,7
BRDA:175,11,7,7
BRF:28
BRH:26
end_of_record
TN:
SF:src/ConfigEditor.tsx
FN:26,(anonymous_0)
FN:29,(anonymous_1)
FN:31,(anonymous_2)
FN:32,(anonymous_3)
FN:40,(anonymous_4)
FN:48,(anonymous_5)
FN:56,(anonymous_6)
FN:64,(anonymous_7)
FN:72,(anonymous_8)
FN:81,(anonymous_9)
FN:91,(anonymous_10)
FN:101,(anonymous_11)
FN:118,(anonymous_12)
FNF:13
FNH:12
FNDA:20,(anonymous_0)
FNDA:22,(anonymous_1)
FNDA:10,(anonymous_2)
FNDA:1,(anonymous_3)
FNDA:0,(anonymous_4)
FNDA:1,(anonymous_5)
FNDA:1,(anonymous_6)
FNDA:1,(anonymous_7)
FNDA:1,(anonymous_8)
FNDA:2,(anonymous_9)
FNDA:1,(anonymous_10)
FNDA:2,(anonymous_11)
FNDA:10,(anonymous_12)
DA:1,1
DA:2,1
DA:9,1
DA:16,1
DA:21,1
DA:26,1
DA:29,22
DA:31,1
DA:32,10
DA:33,1
DA:34,1
DA:38,1
DA:40,10
DA:41,0
DA:42,0
DA:46,0
DA:48,10
DA:49,1
DA:50,1
DA:54,1
DA:56,10
DA:57,1
DA:58,1
DA:62,1
DA:64,10
DA:65,1
DA:66,1
DA:70,1
DA:72,10
DA:73,1
DA:75,1
DA:79,1
DA:81,10
DA:82,2
DA:83,2
DA:87,2
DA:91,10
DA:92,1
DA:93,1
DA:101,10
DA:102,2
DA:103,2
DA:119,10
DA:120,10
DA:121,10
DA:122,10
DA:123,10
DA:124,10
DA:125,10
DA:126,10
DA:131,10
LF:51
LH:48
BRDA:29,0,0,20
BRDA:29,0,1,0
BRDA:121,1,0,10
BRDA:121,1,1,0
BRDA:123,2,0,10
BRDA:123,2,1,0
BRDA:124,3,0,10
BRDA:124,3,1,2
BRDA:174,4,0,10
BRDA:174,4,1,10
BRDA:183,5,0,10
BRDA:183,5,1,10
BRDA:185,6,0,10
BRDA:185,6,1,9
BRDA:196,7,0,8
BRDA:196,7,1,2
BRDA:203,8,0,8
BRDA:203,8,1,8
BRDA:215,9,0,2
BRDA:215,9,1,2
BRDA:225,10,0,2
BRDA:225,10,1,2
BRDA:235,11,0,2
BRDA:235,11,1,2
BRF:24
BRH:21
end_of_record
TN:
SF:src/QueryEditor.tsx
FN:36,(anonymous_0)
FN:70,(anonymous_1)
FN:77,(anonymous_2)
FN:87,(anonymous_3)
FN:101,(anonymous_4)
FN:110,(anonymous_5)
FN:117,(anonymous_6)
FN:125,(anonymous_7)
FN:132,(anonymous_8)
FN:139,(anonymous_9)
FN:147,(anonymous_10)
FN:154,(anonymous_11)
FN:168,(anonymous_12)
FN:174,(anonymous_13)
FN:182,(anonymous_14)
FN:190,(anonymous_15)
FN:208,(anonymous_16)
FN:216,(anonymous_17)
FN:224,(anonymous_18)
FN:228,(anonymous_19)
FN:49,(anonymous_20)
FN:53,(anonymous_21)
FN:59,(anonymous_22)
FN:60,(anonymous_23)
FN:60,(anonymous_24)
FN:241,(anonymous_25)
FN:318,(anonymous_26)
FN:332,(anonymous_27)
FN:336,(anonymous_28)
FNF:29
FNH:17
FNDA:12,(anonymous_0)
FNDA:1,(anonymous_1)
FNDA:0,(anonymous_2)
FNDA:1,(anonymous_3)
FNDA:0,(anonymous_4)
FNDA:1,(anonymous_5)
FNDA:0,(anonymous_6)
FNDA:0,(anonymous_7)
FNDA:3,(anonymous_8)
FNDA:3,(anonymous_9)
FNDA:0,(anonymous_10)
FNDA:3,(anonymous_11)
FNDA:1,(anonymous_12)
FNDA:0,(anonymous_13)
FNDA:0,(anonymous_14)
FNDA:2,(anonymous_15)
FNDA:1,(anonymous_16)
FNDA:1,(anonymous_17)
FNDA:0,(anonymous_18)
FNDA:0,(anonymous_19)
FNDA:12,(anonymous_20)
FNDA:12,(anonymous_21)
FNDA:12,(anonymous_22)
FNDA:12,(anonymous_23)
FNDA:12,(anonymous_24)
FNDA:15,(anonymous_25)
FNDA:0,(anonymous_26)
FNDA:0,(anonymous_27)
FNDA:0,(anonymous_28)
DA:4,1
DA:5,1
DA:10,1
DA:17,1
DA:19,1
DA:35,1
DA:37,12
DA:38,12
DA:47,12
DA:50,12
DA:54,12
DA:60,12
DA:61,12
DA:62,12
DA:65,12
DA:66,12
DA:70,12
DA:71,1
DA:72,1
DA:77,12
DA:78,0
DA:79,0
DA:87,12
DA:88,1
DA:89,1
DA:91,1
DA:93,1
DA:101,12
DA:102,0
DA:104,0
DA:106,0
DA:110,12
DA:111,1
DA:112,1
DA:114,1
DA:117,12
DA:118,0
DA:119,0
DA:121,0
DA:125,12
DA:126,0
DA:127,0
DA:132,12
DA:133,3
DA:139,12
DA:140,3
DA:141,3
DA:143,3
DA:144,3
DA:145,3
DA:147,0
DA:152,3
DA:154,3
DA:161,3
DA:163,3
DA:168,12
DA:169,1
DA:170,1
DA:174,12
DA:175,0
DA:176,0
DA:178,0
DA:182,12
DA:183,0
DA:184,0
DA:186,0
DA:190,12
DA:191,2
DA:193,2
DA:194,2
DA:195,0
DA:198,2
DA:199,2
DA:200,1
DA:203,2
DA:204,2
DA:208,12
DA:209,1
DA:210,1
DA:212,1
DA:216,12
DA:217,1
DA:218,1
DA:224,12
DA:226,0
DA:228,0
DA:234,0
DA:236,0
DA:238,0
DA:242,15
DA:243,15
DA:244,15
DA:245,15
DA:246,15
DA:247,15
DA:248,15
DA:249,15
DA:251,15
DA:253,15
DA:255,15
DA:318,0
DA:333,0
DA:336,0
LF:103
LH:77
BRDA:143,0,0,3
BRDA:143,1,0,3
BRDA:143,1,1,3
BRDA:143,1,2,3
BRDA:194,2,0,0
BRDA:194,3,0,2
BRDA:194,3,1,2
BRDA:199,4,0,1
BRDA:199,5,0,2
BRDA:199,5,1,2
BRDA:251,6,0,15
BRDA:251,6,1,0
BRDA:251,7,0,15
BRDA:251,7,1,15
BRDA:259,8,0,11
BRDA:259,8,1,4
BRDA:279,9,0,11
BRDA:279,9,1,4
BRDA:286,10,0,11
BRDA:286,10,1,11
BRDA:300,11,0,4
BRDA:300,11,1,4
BRDA:308,12,0,0
BRDA:308,12,1,4
BRDA:320,13,0,15
BRDA:320,13,1,0
BRDA:330,14,0,15
BRDA:330,14,1,0
BRDA:330,14,2,0
BRDA:347,15,0,11
BRDA:347,15,1,4
BRDA:354,16,0,11
BRDA:354,16,1,11
BRDA:368,17,0,11
BRDA:368,17,1,0
BRDA:383,18,0,4
BRDA:383,18,1,11
BRDA:390,19,0,4
BRDA:390,19,1,4
BRDA:404,20,0,4
BRDA:404,20,1,0
BRDA:421,21,0,4
BRDA:421,21,1,0
BRF:43
BRH:34
end_of_record
TN:
SF:src/VariableQueryEditor.tsx
FN:13,(anonymous_0)
FN:23,(anonymous_1)
FN:27,(anonymous_2)
FN:33,(anonymous_3)
FNF:4
FNH:3
FNDA:5,(anonymous_0)
FNDA:1,(anonymous_1)
FNDA:0,(anonymous_2)
FNDA:2,(anonymous_3)
DA:5,1
DA:7,1
DA:13,1
DA:17,5
DA:18,5
DA:23,5
DA:24,1
DA:27,5
DA:28,0
DA:33,5
DA:34,2
DA:40,5
LF:12
LH:11
BRF:0
BRH:0
end_of_record
TN:
SF:src/datasource.ts
FN:21,(anonymous_0)
FN:28,(anonymous_1)
FN:30,(anonymous_2)
FN:37,(anonymous_3)
FN:39,(anonymous_4)
FN:46,(anonymous_5)
FN:67,(anonymous_6)
FN:107,(anonymous_8)
FN:119,(anonymous_9)
FN:124,(anonymous_10)
FN:126,(anonymous_11)
FN:145,(anonymous_12)
FN:157,(anonymous_13)
FN:194,(anonymous_15)
FN:230,(anonymous_17)
FN:239,(anonymous_18)
FN:267,(anonymous_20)
FN:290,(anonymous_22)
FN:297,(anonymous_23)
FN:301,(anonymous_24)
FNF:20
FNH:14
FNDA:17,(anonymous_0)
FNDA:0,(anonymous_1)
FNDA:0,(anonymous_2)
FNDA:0,(anonymous_3)
FNDA:0,(anonymous_4)
FNDA:2,(anonymous_5)
FNDA:2,(anonymous_6)
FNDA:2,(anonymous_8)
FNDA:1,(anonymous_9)
FNDA:3,(anonymous_10)
FNDA:0,(anonymous_11)
FNDA:3,(anonymous_12)
FNDA:2,(anonymous_13)
FNDA:1,(anonymous_15)
FNDA:3,(anonymous_17)
FNDA:0,(anonymous_18)
FNDA:1,(anonymous_20)
FNDA:3,(anonymous_22)
FNDA:4,(anonymous_23)
FNDA:2,(anonymous_24)
DA:1,1
DA:14,1
DA:17,1
DA:24,17
DA:29,0
DA:30,0
DA:31,0
DA:33,0
DA:38,0
DA:39,0
DA:40,0
DA:42,0
DA:47,2
DA:48,2
DA:50,1
DA:68,2
DA:69,2
DA:71,2
DA:72,0
DA:75,2
DA:76,2
DA:90,1
DA:91,1
DA:92,0
DA:95,1
DA:96,1
DA:97,0
DA:100,1
DA:101,1
DA:102,1
DA:103,0
DA:107,2
DA:109,1
DA:110,1
DA:121,1
DA:122,1
DA:124,1
DA:125,3
DA:127,0
DA:131,1
DA:142,1
DA:146,3
DA:147,1
DA:150,2
DA:151,1
DA:154,1
DA:158,2
DA:160,2
DA:173,2
DA:174,0
DA:176,2
DA:177,2
DA:178,1
DA:181,1
DA:182,1
DA:183,1
DA:184,0
DA:187,1
DA:188,2
DA:191,1
DA:195,1
DA:196,1
DA:209,1
DA:210,0
DA:213,1
DA:214,1
DA:215,0
DA:218,1
DA:219,1
DA:220,1
DA:221,0
DA:224,1
DA:225,2
DA:227,1
DA:231,3
DA:240,0
DA:241,0
DA:243,0
DA:244,0
DA:245,0
DA:246,0
DA:258,0
DA:259,0
DA:261,0
DA:272,1
DA:273,1
DA:276,1
DA:277,1
DA:278,0
DA:281,1
DA:282,1
DA:283,1
DA:284,0
DA:287,1
DA:288,1
DA:290,3
DA:291,1
DA:292,1
DA:294,1
DA:301,4
DA:302,2
DA:303,2
DA:304,2
DA:305,1
DA:307,2
LF:105
LH:76
BRDA:71,0,0,0
BRDA:71,1,0,2
BRDA:71,1,1,2
BRDA:90,2,0,0
BRDA:90,2,1,1
BRDA:90,3,0,1
BRDA:90,3,1,1
BRDA:90,4,0,0
BRDA:90,4,1,1
BRDA:90,5,0,1
BRDA:90,5,1,1
BRDA:91,6,0,0
BRDA:91,7,0,1
BRDA:91,7,1,1
BRDA:91,8,0,0
BRDA:91,8,1,1
BRDA:91,9,0,1
BRDA:91,9,1,1
BRDA:95,10,0,0
BRDA:95,10,1,1
BRDA:95,11,0,1
BRDA:95,11,1,1
BRDA:95,12,0,0
BRDA:95,12,1,1
BRDA:95,13,0,1
BRDA:95,13,1,1
BRDA:95,14,0,0
BRDA:95,14,1,1
BRDA:95,15,0,1
BRDA:95,15,1,1
BRDA:95,16,0,0
BRDA:95,16,1,1
BRDA:95,17,0,1
BRDA:95,17,1,1
BRDA:95,18,0,0
BRDA:95,18,1,1
BRDA:95,19,0,1
BRDA:95,19,1,1
BRDA:95,20,0,0
BRDA:95,20,1,1
BRDA:95,21,0,1
BRDA:95,21,1,1
BRDA:95,22,0,0
BRDA:95,22,1,1
BRDA:95,23,0,1
BRDA:95,23,1,1
BRDA:96,24,0,0
BRDA:101,25,0,0
BRDA:101,25,1,1
BRDA:101,26,0,1
BRDA:101,26,1,1
BRDA:102,27,0,0
BRDA:125,28,0,3
BRDA:125,28,1,0
BRDA:146,29,0,1
BRDA:150,30,0,1
BRDA:150,31,0,2
BRDA:150,31,1,2
BRDA:173,32,0,0
BRDA:173,33,0,0
BRDA:173,33,1,2
BRDA:173,34,0,2
BRDA:173,34,1,2
BRDA:176,35,0,0
BRDA:176,35,1,2
BRDA:176,36,0,2
BRDA:176,36,1,2
BRDA:176,37,0,0
BRDA:176,37,1,2
BRDA:176,38,0,2
BRDA:176,38,1,2
BRDA:176,39,0,0
BRDA:176,39,1,2
BRDA:176,40,0,2
BRDA:176,40,1,2
BRDA:176,41,0,0
BRDA:176,41,1,2
BRDA:176,42,0,2
BRDA:176,42,1,2
BRDA:176,43,0,0
BRDA:176,43,1,2
BRDA:176,44,0,2
BRDA:176,44,1,2
BRDA:176,45,0,0
BRDA:176,45,1,2
BRDA:176,46,0,2
BRDA:176,46,1,2
BRDA:176,47,0,0
BRDA:176,47,1,2
BRDA:176,48,0,2
BRDA:176,48,1,2
BRDA:177,49,0,1
BRDA:182,50,0,0
BRDA:182,50,1,1
BRDA:182,51,0,1
BRDA:182,51,1,1
BRDA:183,52,0,0
BRDA:194,53,0,0
BRDA:209,54,0,0
BRDA:209,55,0,0
BRDA:209,55,1,1
BRDA:209,56,0,1
BRDA:209,56,1,1
BRDA:213,57,0,0
BRDA:213,57,1,1
BRDA:213,58,0,1
BRDA:213,58,1,1
BRDA:213,59,0,0
BRDA:213,59,1,1
BRDA:213,60,0,1
BRDA:213,60,1,1
BRDA:213,61,0,0
BRDA:213,61,1,1
BRDA:213,62,0,1
BRDA:213,62,1,1
BRDA:213,63,0,0
BRDA:213,63,1,1
BRDA:213,64,0,1
BRDA:213,64,1,1
BRDA:213,65,0,0
BRDA:213,65,1,1
BRDA:213,66,0,1
BRDA:213,66,1,1
BRDA:213,67,0,0
BRDA:213,67,1,1
BRDA:213,68,0,1
BRDA:213,68,1,1
BRDA:213,69,0,0
BRDA:213,69,1,1
BRDA:213,70,0,1
BRDA:213,70,1,1
BRDA:214,71,0,0
BRDA:219,72,0,0
BRDA:219,72,1,1
BRDA:219,73,0,1
BRDA:219,73,1,1
BRDA:220,74,0,0
BRDA:231,75,0,2
BRDA:231,75,1,1
BRDA:258,76,0,0
BRDA:258,77,0,0
BRDA:258,77,1,0
BRDA:258,78,0,0
BRDA:258,78,1,0
BRDA:276,79,0,0
BRDA:276,79,1,1
BRDA:276,80,0,1
BRDA:276,80,1,1
BRDA:276,81,0,0
BRDA:276,81,1,1
BRDA:276,82,0,1
BRDA:276,82,1,1
BRDA:276,83,0,0
BRDA:276,83,1,1
BRDA:276,84,0,1
BRDA:276,84,1,1
BRDA:276,85,0,0
BRDA:276,85,1,1
BRDA:276,86,0,1
BRDA:276,86,1,1
BRDA:276,87,0,0
BRDA:276,87,1,1
BRDA:276,88,0,1
BRDA:276,88,1,1
BRDA:276,89,0,0
BRDA:276,89,1,1
BRDA:276,90,0,1
BRDA:276,90,1,1
BRDA:276,91,0,0
BRDA:276,91,1,1
BRDA:276,92,0,1
BRDA:276,92,1,1
BRDA:277,93,0,0
BRDA:282,94,0,0
BRDA:282,94,1,1
BRDA:282,95,0,1
BRDA:282,95,1,1
BRDA:283,96,0,0
BRDA:304,97,0,1
BRDA:304,98,0,2
BRDA:304,98,1,1
BRDA:308,99,0,4
BRDA:308,99,1,0
BRDA:308,100,0,4
BRDA:308,100,1,4
BRF:185
BRH:129
end_of_record
